mode: set
github.com/MiltonJ23/Orus/internal/domain/annotation.go:22.57,30.2 1 0
github.com/MiltonJ23/Orus/internal/domain/book.go:42.96,43.17 1 1
github.com/MiltonJ23/Orus/internal/domain/book.go:43.17,45.3 1 1
github.com/MiltonJ23/Orus/internal/domain/book.go:46.2,46.20 1 1
github.com/MiltonJ23/Orus/internal/domain/book.go:46.20,48.3 1 0
github.com/MiltonJ23/Orus/internal/domain/book.go:49.2,59.8 1 1
github.com/MiltonJ23/Orus/internal/domain/session.go:18.56,19.23 1 1
github.com/MiltonJ23/Orus/internal/domain/session.go:19.23,21.3 1 1
github.com/MiltonJ23/Orus/internal/domain/session.go:22.2,23.39 2 1
github.com/MiltonJ23/Orus/internal/domain/session.go:27.48,29.2 1 0
github.com/MiltonJ23/Orus/internal/domain/session.go:32.51,33.14 1 1
github.com/MiltonJ23/Orus/internal/domain/session.go:33.14,36.3 2 1
github.com/MiltonJ23/Orus/internal/domain/session.go:37.2,37.25 1 1
github.com/MiltonJ23/Orus/internal/domain/session.go:37.25,40.3 2 1
github.com/MiltonJ23/Orus/internal/domain/session.go:42.2,43.32 2 1
