mode: set
github.com/MiltonJ23/Orus/internal/domain/annotation.go:30.89,31.16 1 1
github.com/MiltonJ23/Orus/internal/domain/annotation.go:31.16,33.3 1 1
github.com/MiltonJ23/Orus/internal/domain/annotation.go:35.2,35.18 1 1
github.com/MiltonJ23/Orus/internal/domain/annotation.go:35.18,37.3 1 1
github.com/MiltonJ23/Orus/internal/domain/annotation.go:39.2,45.8 1 1
github.com/MiltonJ23/Orus/internal/domain/book.go:40.96,41.17 1 1
github.com/MiltonJ23/Orus/internal/domain/book.go:41.17,43.3 1 1
github.com/MiltonJ23/Orus/internal/domain/book.go:44.2,44.20 1 1
github.com/MiltonJ23/Orus/internal/domain/book.go:44.20,46.3 1 0
github.com/MiltonJ23/Orus/internal/domain/book.go:47.2,57.8 1 1
github.com/MiltonJ23/Orus/internal/domain/session.go:19.114,21.18 1 0
github.com/MiltonJ23/Orus/internal/domain/session.go:21.18,23.3 1 0
github.com/MiltonJ23/Orus/internal/domain/session.go:24.2,24.40 1 0
github.com/MiltonJ23/Orus/internal/domain/session.go:24.40,26.3 1 0
github.com/MiltonJ23/Orus/internal/domain/session.go:27.2,34.16 7 0
github.com/MiltonJ23/Orus/internal/domain/session.go:38.56,39.23 1 1
github.com/MiltonJ23/Orus/internal/domain/session.go:39.23,41.3 1 1
github.com/MiltonJ23/Orus/internal/domain/session.go:42.2,43.39 2 1
github.com/MiltonJ23/Orus/internal/domain/session.go:47.48,49.2 1 0
github.com/MiltonJ23/Orus/internal/domain/session.go:52.51,53.14 1 1
github.com/MiltonJ23/Orus/internal/domain/session.go:53.14,56.3 2 1
github.com/MiltonJ23/Orus/internal/domain/session.go:57.2,57.25 1 1
github.com/MiltonJ23/Orus/internal/domain/session.go:57.25,60.3 2 1
github.com/MiltonJ23/Orus/internal/domain/session.go:62.2,63.32 2 1
github.com/MiltonJ23/Orus/internal/adapters/storage/sqlite/annotation_repo.go:14.92,23.32 5 1
github.com/MiltonJ23/Orus/internal/adapters/storage/sqlite/annotation_repo.go:23.32,25.3 1 1
github.com/MiltonJ23/Orus/internal/adapters/storage/sqlite/annotation_repo.go:26.2,26.12 1 1
github.com/MiltonJ23/Orus/internal/adapters/storage/sqlite/annotation_repo.go:30.117,39.26 5 1
github.com/MiltonJ23/Orus/internal/adapters/storage/sqlite/annotation_repo.go:39.26,41.3 1 0
github.com/MiltonJ23/Orus/internal/adapters/storage/sqlite/annotation_repo.go:42.2,46.18 3 1
github.com/MiltonJ23/Orus/internal/adapters/storage/sqlite/annotation_repo.go:46.18,51.27 4 1
github.com/MiltonJ23/Orus/internal/adapters/storage/sqlite/annotation_repo.go:51.27,53.4 1 0
github.com/MiltonJ23/Orus/internal/adapters/storage/sqlite/annotation_repo.go:54.3,55.44 2 1
github.com/MiltonJ23/Orus/internal/adapters/storage/sqlite/annotation_repo.go:57.2,58.33 2 1
github.com/MiltonJ23/Orus/internal/adapters/storage/sqlite/annotation_repo.go:58.33,60.3 1 0
github.com/MiltonJ23/Orus/internal/adapters/storage/sqlite/annotation_repo.go:62.2,62.25 1 1
github.com/MiltonJ23/Orus/internal/adapters/storage/sqlite/annotation_repo.go:66.113,75.26 5 1
github.com/MiltonJ23/Orus/internal/adapters/storage/sqlite/annotation_repo.go:75.26,77.3 1 0
github.com/MiltonJ23/Orus/internal/adapters/storage/sqlite/annotation_repo.go:78.2,82.18 3 1
github.com/MiltonJ23/Orus/internal/adapters/storage/sqlite/annotation_repo.go:82.18,88.27 4 1
github.com/MiltonJ23/Orus/internal/adapters/storage/sqlite/annotation_repo.go:88.27,91.4 1 0
github.com/MiltonJ23/Orus/internal/adapters/storage/sqlite/annotation_repo.go:92.3,93.44 2 1
github.com/MiltonJ23/Orus/internal/adapters/storage/sqlite/annotation_repo.go:95.2,96.33 2 1
github.com/MiltonJ23/Orus/internal/adapters/storage/sqlite/annotation_repo.go:96.33,98.3 1 0
github.com/MiltonJ23/Orus/internal/adapters/storage/sqlite/annotation_repo.go:99.2,99.25 1 1
github.com/MiltonJ23/Orus/internal/adapters/storage/sqlite/annotation_repo.go:103.74,112.32 5 1
github.com/MiltonJ23/Orus/internal/adapters/storage/sqlite/annotation_repo.go:112.32,114.3 1 0
github.com/MiltonJ23/Orus/internal/adapters/storage/sqlite/annotation_repo.go:115.2,115.12 1 1
github.com/MiltonJ23/Orus/internal/adapters/storage/sqlite/annotation_repo.go:119.111,127.26 5 1
github.com/MiltonJ23/Orus/internal/adapters/storage/sqlite/annotation_repo.go:127.26,129.3 1 0
github.com/MiltonJ23/Orus/internal/adapters/storage/sqlite/annotation_repo.go:130.2,134.18 3 1
github.com/MiltonJ23/Orus/internal/adapters/storage/sqlite/annotation_repo.go:134.18,139.27 4 1
github.com/MiltonJ23/Orus/internal/adapters/storage/sqlite/annotation_repo.go:139.27,141.4 1 0
github.com/MiltonJ23/Orus/internal/adapters/storage/sqlite/annotation_repo.go:142.3,143.44 2 1
github.com/MiltonJ23/Orus/internal/adapters/storage/sqlite/annotation_repo.go:145.2,146.33 2 1
github.com/MiltonJ23/Orus/internal/adapters/storage/sqlite/annotation_repo.go:146.33,148.3 1 0
github.com/MiltonJ23/Orus/internal/adapters/storage/sqlite/annotation_repo.go:150.2,150.25 1 1
github.com/MiltonJ23/Orus/internal/adapters/storage/sqlite/book_repo.go:16.70,28.2 5 1
github.com/MiltonJ23/Orus/internal/adapters/storage/sqlite/book_repo.go:30.81,47.36 7 1
github.com/MiltonJ23/Orus/internal/adapters/storage/sqlite/book_repo.go:47.36,49.56 1 1
github.com/MiltonJ23/Orus/internal/adapters/storage/sqlite/book_repo.go:49.56,51.4 1 1
github.com/MiltonJ23/Orus/internal/adapters/storage/sqlite/book_repo.go:52.3,52.99 1 0
github.com/MiltonJ23/Orus/internal/adapters/storage/sqlite/book_repo.go:54.2,55.16 2 1
github.com/MiltonJ23/Orus/internal/adapters/storage/sqlite/book_repo.go:58.72,70.26 6 1
github.com/MiltonJ23/Orus/internal/adapters/storage/sqlite/book_repo.go:70.26,72.3 1 0
github.com/MiltonJ23/Orus/internal/adapters/storage/sqlite/book_repo.go:73.2,75.18 2 1
github.com/MiltonJ23/Orus/internal/adapters/storage/sqlite/book_repo.go:75.18,80.30 4 1
github.com/MiltonJ23/Orus/internal/adapters/storage/sqlite/book_repo.go:80.30,82.4 1 0
github.com/MiltonJ23/Orus/internal/adapters/storage/sqlite/book_repo.go:83.3,84.34 2 1
github.com/MiltonJ23/Orus/internal/adapters/storage/sqlite/book_repo.go:86.2,87.33 2 1
github.com/MiltonJ23/Orus/internal/adapters/storage/sqlite/book_repo.go:87.33,89.3 1 0
github.com/MiltonJ23/Orus/internal/adapters/storage/sqlite/book_repo.go:91.2,91.22 1 1
github.com/MiltonJ23/Orus/internal/adapters/storage/sqlite/book_repo.go:94.68,103.32 5 1
github.com/MiltonJ23/Orus/internal/adapters/storage/sqlite/book_repo.go:103.32,105.3 1 0
github.com/MiltonJ23/Orus/internal/adapters/storage/sqlite/book_repo.go:107.2,107.12 1 1
github.com/MiltonJ23/Orus/internal/adapters/storage/sqlite/db.go:15.50,16.18 1 1
github.com/MiltonJ23/Orus/internal/adapters/storage/sqlite/db.go:16.18,18.3 1 0
github.com/MiltonJ23/Orus/internal/adapters/storage/sqlite/db.go:20.2,21.27 2 1
github.com/MiltonJ23/Orus/internal/adapters/storage/sqlite/db.go:21.27,23.3 1 0
github.com/MiltonJ23/Orus/internal/adapters/storage/sqlite/db.go:25.2,25.64 1 1
github.com/MiltonJ23/Orus/internal/adapters/storage/sqlite/db.go:25.64,28.3 2 0
github.com/MiltonJ23/Orus/internal/adapters/storage/sqlite/db.go:31.2,32.32 2 1
github.com/MiltonJ23/Orus/internal/adapters/storage/sqlite/db.go:32.32,35.3 2 0
github.com/MiltonJ23/Orus/internal/adapters/storage/sqlite/db.go:37.2,37.30 1 1
github.com/MiltonJ23/Orus/internal/adapters/storage/sqlite/db.go:40.37,71.2 3 1
github.com/MiltonJ23/Orus/internal/adapters/storage/sqlite/db.go:73.33,75.29 1 0
github.com/MiltonJ23/Orus/internal/adapters/storage/sqlite/db.go:75.29,77.3 1 0
github.com/MiltonJ23/Orus/internal/adapters/storage/sqlite/db.go:78.2,78.21 1 0
github.com/MiltonJ23/Orus/internal/adapters/storage/sqlite/session_repo.go:14.90,19.29 3 1
github.com/MiltonJ23/Orus/internal/adapters/storage/sqlite/session_repo.go:19.29,21.3 1 1
github.com/MiltonJ23/Orus/internal/adapters/storage/sqlite/session_repo.go:23.2,26.27 3 0
github.com/MiltonJ23/Orus/internal/adapters/storage/sqlite/session_repo.go:26.27,28.3 1 0
github.com/MiltonJ23/Orus/internal/adapters/storage/sqlite/session_repo.go:29.2,29.12 1 0
github.com/MiltonJ23/Orus/internal/adapters/storage/sqlite/session_repo.go:32.102,41.26 5 0
github.com/MiltonJ23/Orus/internal/adapters/storage/sqlite/session_repo.go:41.26,43.3 1 0
github.com/MiltonJ23/Orus/internal/adapters/storage/sqlite/session_repo.go:44.2,48.18 3 0
github.com/MiltonJ23/Orus/internal/adapters/storage/sqlite/session_repo.go:48.18,50.27 2 0
github.com/MiltonJ23/Orus/internal/adapters/storage/sqlite/session_repo.go:50.27,52.4 1 0
github.com/MiltonJ23/Orus/internal/adapters/storage/sqlite/session_repo.go:55.2,56.33 2 0
github.com/MiltonJ23/Orus/internal/adapters/storage/sqlite/session_repo.go:56.33,58.3 1 0
github.com/MiltonJ23/Orus/internal/adapters/storage/sqlite/session_repo.go:60.2,60.18 1 0
